c:\users\reese\desktop\jniscreenshot\jniscreenshot\x64\debug\jniscreenshot.pch
c:\users\reese\desktop\jniscreenshot\jniscreenshot\x64\debug\vc142.pdb
c:\users\reese\desktop\jniscreenshot\jniscreenshot\x64\debug\vc142.idb
c:\users\reese\desktop\jniscreenshot\jniscreenshot\x64\debug\pch.obj
c:\users\reese\desktop\jniscreenshot\jniscreenshot\x64\debug\dllmain.obj
c:\users\reese\desktop\jniscreenshot\jniscreenshot\x64\debug\jniscreenshot.obj
c:\users\reese\desktop\jniscreenshot\jniscreenshot\x64\debug\com_tdkc_udop_screencapture_jniscreenshot_capturescreen.obj
c:\users\reese\desktop\jniscreenshot\jniscreenshot\x64\debug\dxgicapture.obj
c:\users\reese\desktop\jniscreenshot\jniscreenshot\x64\debug\jniscreenshot.lib
c:\users\reese\desktop\jniscreenshot\jniscreenshot\x64\debug\jniscreenshot.exp
c:\users\reese\desktop\jniscreenshot\jniscreenshot\x64\debug\jniscreenshot.dll
c:\users\reese\desktop\jniscreenshot\jniscreenshot\x64\debug\jniscreenshot.ilk
c:\users\reese\desktop\jniscreenshot\jniscreenshot\x64\debug\jniscreenshot.pdb
c:\users\reese\desktop\jniscreenshot\jniscreenshot\x64\debug\jniscreenshot.tlog\cl.command.1.tlog
c:\users\reese\desktop\jniscreenshot\jniscreenshot\x64\debug\jniscreenshot.tlog\cl.read.1.tlog
c:\users\reese\desktop\jniscreenshot\jniscreenshot\x64\debug\jniscreenshot.tlog\cl.write.1.tlog
c:\users\reese\desktop\jniscreenshot\jniscreenshot\x64\debug\jniscreenshot.tlog\jniscreenshot.write.1u.tlog
c:\users\reese\desktop\jniscreenshot\jniscreenshot\x64\debug\jniscreenshot.tlog\link.command.1.tlog
c:\users\reese\desktop\jniscreenshot\jniscreenshot\x64\debug\jniscreenshot.tlog\link.read.1.tlog
c:\users\reese\desktop\jniscreenshot\jniscreenshot\x64\debug\jniscreenshot.tlog\link.write.1.tlog
